Log file open, 12/02/20 09:54:42
LogWindows: Failed to load 'aqProf.dll' (GetLastError=126)
LogWindows: File 'aqProf.dll' does not exist
LogWindows: Failed to load 'VtuneApi.dll' (GetLastError=126)
LogWindows: File 'VtuneApi.dll' does not exist
LogWindows: Failed to load 'VtuneApi32e.dll' (GetLastError=126)
LogWindows: File 'VtuneApi32e.dll' does not exist
LogConsoleResponse: Display: Failed to find resolution value strings in scalability ini. Falling back to default.
LogInit: Display: Running engine for game: BusinessCity
LogPlatformFile: Not using cached read wrapper
LogTaskGraph: Started task graph with 5 named threads and 11 total threads with 3 sets of task threads.
LogStats: Stats thread started at 0.210500
LogD3D11RHI: Loaded GFSDK_Aftermath_Lib.x64.dll
LogICUInternationalization: ICU TimeZone Detection - Raw Offset: +2:00, Platform Override: ''
LogPluginManager: Mounting plugin Paper2D
LogPluginManager: Mounting plugin AISupport
LogPluginManager: Mounting plugin LightPropagationVolume
LogPluginManager: Mounting plugin ActorLayerUtilities
LogPluginManager: Mounting plugin AnimationSharing
LogPluginManager: Mounting plugin CLionSourceCodeAccess
LogPluginManager: Mounting plugin CodeLiteSourceCodeAccess
LogPluginManager: Mounting plugin GitSourceControl
LogPluginManager: Mounting plugin KDevelopSourceCodeAccess
LogPluginManager: Mounting plugin NullSourceCodeAccess
LogPluginManager: Mounting plugin PerforceSourceControl
LogPluginManager: Mounting plugin SubversionSourceControl
LogPluginManager: Mounting plugin UObjectPlugin
LogPluginManager: Mounting plugin VisualStudioCodeSourceCodeAccess
LogPluginManager: Mounting plugin VisualStudioSourceCodeAccess
LogPluginManager: Mounting plugin XCodeSourceCodeAccess
LogPluginManager: Mounting plugin AssetManagerEditor
LogPluginManager: Mounting plugin CryptoKeys
LogPluginManager: Mounting plugin CurveEditorTools
LogPluginManager: Mounting plugin DataValidation
LogPluginManager: Mounting plugin EditorScriptingUtilities
LogPluginManager: Mounting plugin FacialAnimation
LogPluginManager: Mounting plugin GameplayTagsEditor
LogPluginManager: Mounting plugin MacGraphicsSwitching
LogPluginManager: Mounting plugin MaterialAnalyzer
LogPluginManager: Mounting plugin MobileLauncherProfileWizard
LogPluginManager: Mounting plugin PluginBrowser
LogPluginManager: Mounting plugin SpeedTreeImporter
LogPluginManager: Mounting plugin DatasmithContent
LogPluginManager: Mounting plugin VariantManagerContent
LogPluginManager: Mounting plugin AlembicImporter
LogPluginManager: Mounting plugin AutomationUtils
LogPluginManager: Mounting plugin BackChannel
LogPluginManager: Mounting plugin CharacterAI
LogPluginManager: Mounting plugin GeometryCache
LogPluginManager: Mounting plugin HTML5Networking
LogPluginManager: Mounting plugin PlatformCrypto
LogPluginManager: Mounting plugin ProxyLODPlugin
LogPluginManager: Mounting plugin PythonScriptPlugin
LogPluginManager: Mounting plugin SkeletalReduction
LogPluginManager: Mounting plugin MagicLeap
LogPluginManager: Mounting plugin MagicLeapMedia
LogPluginManager: Mounting plugin AndroidMedia
LogPluginManager: Mounting plugin AvfMedia
LogPluginManager: Mounting plugin ImgMedia
LogPluginManager: Mounting plugin MediaCompositing
LogPluginManager: Mounting plugin MediaPlayerEditor
LogPluginManager: Mounting plugin WebMMedia
LogPluginManager: Mounting plugin WmfMedia
LogPluginManager: Mounting plugin MegascansPlugin
LogPluginManager: Mounting plugin TcpMessaging
LogPluginManager: Mounting plugin UdpMessaging
LogPluginManager: Mounting plugin ActorSequence
LogPluginManager: Mounting plugin LevelSequenceEditor
LogPluginManager: Mounting plugin MatineeToLevelSequence
LogPluginManager: Mounting plugin NetcodeUnitTest
LogPluginManager: Mounting plugin NUTUnrealEngine4
LogPluginManager: Mounting plugin OnlineSubsystemGooglePlay
LogPluginManager: Mounting plugin OnlineSubsystemIOS
LogPluginManager: Mounting plugin OnlineSubsystem
LogPluginManager: Mounting plugin OnlineSubsystemNull
LogPluginManager: Mounting plugin OnlineSubsystemUtils
LogPluginManager: Mounting plugin LauncherChunkInstaller
LogPluginManager: Mounting plugin AndroidDeviceProfileSelector
LogPluginManager: Mounting plugin AndroidMoviePlayer
LogPluginManager: Mounting plugin AndroidPermission
LogPluginManager: Mounting plugin AppleImageUtils
LogPluginManager: Mounting plugin AppleMoviePlayer
LogPluginManager: Mounting plugin ArchVisCharacter
LogPluginManager: Mounting plugin AudioCapture
LogPluginManager: Mounting plugin CableComponent
LogPluginManager: Mounting plugin CustomMeshComponent
LogPluginManager: Mounting plugin DatabaseSupport
LogPluginManager: Mounting plugin SQLiteCore
LogPluginManager: Mounting plugin SQLiteSupport
LogPluginManager: Mounting plugin EditableMesh
LogPluginManager: Mounting plugin ExampleDeviceProfileSelector
LogPluginManager: Mounting plugin GoogleCloudMessaging
LogPluginManager: Mounting plugin IOSDeviceProfileSelector
LogPluginManager: Mounting plugin LinuxDeviceProfileSelector
LogPluginManager: Mounting plugin LocationServicesBPLibrary
LogPluginManager: Mounting plugin MobilePatchingUtils
LogPluginManager: Mounting plugin OculusVR
LogPluginManager: Mounting plugin PhysXVehicles
LogPluginManager: Mounting plugin ProceduralMeshComponent
LogPluginManager: Mounting plugin RuntimePhysXCooking
LogPluginManager: Mounting plugin SignificanceManager
LogPluginManager: Mounting plugin SteamVR
LogPluginManager: Mounting plugin WebMMoviePlayer
LogPluginManager: Mounting plugin WindowsMoviePlayer
LogPluginManager: Mounting plugin ScreenshotTools
LogInit: Using libcurl 7.55.1-DEV
LogInit:  - built for x86_64-pc-win32
LogInit:  - supports SSL with OpenSSL/1.1.1
LogInit:  - supports HTTP deflate (compression) using libz 1.2.8
LogInit:  - other features:
LogInit:      CURL_VERSION_SSL
LogInit:      CURL_VERSION_LIBZ
LogInit:      CURL_VERSION_IPV6
LogInit:      CURL_VERSION_ASYNCHDNS
LogInit:      CURL_VERSION_LARGEFILE
LogInit:      CURL_VERSION_IDN
LogInit:  CurlRequestOptions (configurable via config and command line):
LogInit:  - bVerifyPeer = true  - Libcurl will verify peer certificate
LogInit:  - bUseHttpProxy = false  - Libcurl will NOT use HTTP proxy
LogInit:  - bDontReuseConnections = false  - Libcurl will reuse connections
LogInit:  - MaxHostConnections = 16  - Libcurl will limit the number of connections to a host
LogInit:  - LocalHostAddr = Default
LogInit:  - BufferSize = 65536
LogOnline: OSS: Creating online subsystem instance for: NULL
LogInit: WinSock: version 1.1 (2.2), MaxSocks=32767, MaxUdp=65467
LogInit: Build: ++UE4+Release-4.23-CL-9631420
LogInit: Engine Version: 4.23.1-9631420+++UE4+Release-4.23
LogInit: Compatible Engine Version: 4.23.0-8386587+++UE4+Release-4.23
LogInit: Net CL: 8386587
LogInit: OS: Windows 10 (Release 2009) (), CPU: Intel(R) Core(TM) i7-7500U CPU @ 2.70GHz, GPU: Intel(R) HD Graphics 620
LogInit: Compiled (64-bit): Oct 18 2019 02:07:44
LogInit: Compiled with Visual C++: 19.16.27030.01
LogInit: Build Configuration: Development
LogInit: Branch Name: ++UE4+Release-4.23
LogInit: Command Line:  /Game/CityMap -game -PIEVIACONSOLE -ResX=1280 -ResY=720 -Multiprocess -messaging -SessionName="Play in Standalone Game" -windowed
LogInit: Base Directory: D:/Epic Games/UE_4.23/Engine/Binaries/Win64/
LogInit: Installed Engine Build: 1
LogDevObjectVersion: Number of dev versions registered: 23
LogDevObjectVersion:   Dev-Blueprints (B0D832E4-1F89-4F0D-ACCF-7EB736FD4AA2): 10
LogDevObjectVersion:   Dev-Build (E1C64328-A22C-4D53-A36C-8E866417BD8C): 0
LogDevObjectVersion:   Dev-Core (375EC13C-06E4-48FB-B500-84F0262A717E): 3
LogDevObjectVersion:   Dev-Editor (E4B068ED-F494-42E9-A231-DA0B2E46BB41): 34
LogDevObjectVersion:   Dev-Framework (CFFC743F-43B0-4480-9391-14DF171D2073): 35
LogDevObjectVersion:   Dev-Mobile (B02B49B5-BB20-44E9-A304-32B752E40360): 2
LogDevObjectVersion:   Dev-Networking (A4E4105C-59A1-49B5-A7C5-40C4547EDFEE): 0
LogDevObjectVersion:   Dev-Online (39C831C9-5AE6-47DC-9A44-9C173E1C8E7C): 0
LogDevObjectVersion:   Dev-Physics (78F01B33-EBEA-4F98-B9B4-84EACCB95AA2): 0
LogDevObjectVersion:   Dev-Platform (6631380F-2D4D-43E0-8009-CF276956A95A): 0
LogDevObjectVersion:   Dev-Rendering (12F88B9F-8875-4AFC-A67C-D90C383ABD29): 31
LogDevObjectVersion:   Dev-Sequencer (7B5AE74C-D270-4C10-A958-57980B212A5A): 11
LogDevObjectVersion:   Dev-VR (D7296918-1DD6-4BDD-9DE2-64A83CC13884): 2
LogDevObjectVersion:   Dev-LoadTimes (C2A15278-BFE7-4AFE-6C17-90FF531DF755): 1
LogDevObjectVersion:   Private-Geometry (6EACA3D4-40EC-4CC1-B786-8BED09428FC5): 3
LogDevObjectVersion:   Dev-AnimPhys (29E575DD-E0A3-4627-9D10-D276232CDCEA): 17
LogDevObjectVersion:   Dev-Anim (AF43A65D-7FD3-4947-9873-3E8ED9C1BB05): 2
LogDevObjectVersion:   Dev-ReflectionCapture (6B266CEC-1EC7-4B8F-A30B-E4D90942FC07): 1
LogDevObjectVersion:   Dev-Automation (0DF73D61-A23F-47EA-B727-89E90C41499A): 1
LogDevObjectVersion:   FortniteMain (601D1886-AC64-4F84-AA16-D3DE0DEAC7D6): 27
LogDevObjectVersion:   Dev-Enterprise (9DFFBCD6-494F-0158-E221-12823C92A888): 6
LogDevObjectVersion:   Dev-Niagara (F2AED0AC-9AFE-416F-8664-AA7FFA26D6FC): 1
LogDevObjectVersion:   Dev-Destruction (174F1F0B-B4C6-45A5-B13F-2EE8D0FB917D): 9
LogInit: Presizing for max 16777216 objects, including 0 objects not considered by GC, pre-allocating 0 bytes for permanent pool.
LogInit: Object subsystem initialized
LogConfig: Setting CVar [[con.DebugEarlyDefault:1]]
LogConfig: Setting CVar [[r.setres:1280x720]]
[2020.12.02-07.54.43:728][  0]LogConfig: Setting CVar [[con.DebugEarlyDefault:1]]
[2020.12.02-07.54.43:728][  0]LogConfig: Setting CVar [[r.setres:1280x720]]
[2020.12.02-07.54.43:728][  0]LogConfig: Applying CVar settings from Section [/Script/Engine.RendererSettings] File [D:/Unreal Projects/BusinessCity/Saved/Config/Windows/Engine.ini]
[2020.12.02-07.54.43:728][  0]LogConfig: Setting CVar [[r.GPUCrashDebugging:0]]
[2020.12.02-07.54.43:728][  0]LogConfig: Setting CVar [[r.DefaultFeature.AutoExposure.ExtendDefaultLuminanceRange:1]]
[2020.12.02-07.54.43:728][  0]LogConfig: Applying CVar settings from Section [/Script/Engine.RendererOverrideSettings] File [D:/Unreal Projects/BusinessCity/Saved/Config/Windows/Engine.ini]
[2020.12.02-07.54.43:728][  0]LogConfig: Applying CVar settings from Section [/Script/Engine.StreamingSettings] File [D:/Unreal Projects/BusinessCity/Saved/Config/Windows/Engine.ini]
[2020.12.02-07.54.43:728][  0]LogConfig: Setting CVar [[s.MinBulkDataSizeForAsyncLoading:131072]]
[2020.12.02-07.54.43:728][  0]LogConfig: Setting CVar [[s.AsyncLoadingThreadEnabled:0]]
[2020.12.02-07.54.43:728][  0]LogConfig: Setting CVar [[s.EventDrivenLoaderEnabled:1]]
[2020.12.02-07.54.43:728][  0]LogConfig: Setting CVar [[s.WarnIfTimeLimitExceeded:0]]
[2020.12.02-07.54.43:728][  0]LogConfig: Setting CVar [[s.TimeLimitExceededMultiplier:1.5]]
[2020.12.02-07.54.43:728][  0]LogConfig: Setting CVar [[s.TimeLimitExceededMinTime:0.005]]
[2020.12.02-07.54.43:728][  0]LogConfig: Setting CVar [[s.UseBackgroundLevelStreaming:1]]
[2020.12.02-07.54.43:728][  0]LogConfig: Setting CVar [[s.PriorityAsyncLoadingExtraTime:15.0]]
[2020.12.02-07.54.43:728][  0]LogConfig: Setting CVar [[s.LevelStreamingActorsUpdateTimeLimit:5.0]]
[2020.12.02-07.54.43:728][  0]LogConfig: Setting CVar [[s.PriorityLevelStreamingActorsUpdateExtraTime:5.0]]
[2020.12.02-07.54.43:729][  0]LogConfig: Setting CVar [[s.LevelStreamingComponentsRegistrationGranularity:10]]
[2020.12.02-07.54.43:729][  0]LogConfig: Setting CVar [[s.UnregisterComponentsTimeLimit:1.0]]
[2020.12.02-07.54.43:729][  0]LogConfig: Setting CVar [[s.LevelStreamingComponentsUnregistrationGranularity:5]]
[2020.12.02-07.54.43:729][  0]LogConfig: Applying CVar settings from Section [/Script/Engine.GarbageCollectionSettings] File [D:/Unreal Projects/BusinessCity/Saved/Config/Windows/Engine.ini]
[2020.12.02-07.54.43:729][  0]LogConfig: Setting CVar [[gc.MaxObjectsNotConsideredByGC:1]]
[2020.12.02-07.54.43:729][  0]LogConfig: Setting CVar [[gc.SizeOfPermanentObjectPool:0]]
[2020.12.02-07.54.43:729][  0]LogConfig: Setting CVar [[gc.FlushStreamingOnGC:0]]
[2020.12.02-07.54.43:729][  0]LogConfig: Setting CVar [[gc.NumRetriesBeforeForcingGC:10]]
[2020.12.02-07.54.43:729][  0]LogConfig: Setting CVar [[gc.AllowParallelGC:1]]
[2020.12.02-07.54.43:729][  0]LogConfig: Setting CVar [[gc.TimeBetweenPurgingPendingKillObjects:61.1]]
[2020.12.02-07.54.43:729][  0]LogConfig: Setting CVar [[gc.MaxObjectsInEditor:16777216]]
[2020.12.02-07.54.43:729][  0]LogConfig: Setting CVar [[gc.IncrementalBeginDestroyEnabled:1]]
[2020.12.02-07.54.43:729][  0]LogConfig: Setting CVar [[gc.CreateGCClusters:1]]
[2020.12.02-07.54.43:729][  0]LogConfig: Setting CVar [[gc.MinGCClusterSize:5]]
[2020.12.02-07.54.43:729][  0]LogConfig: Setting CVar [[gc.ActorClusteringEnabled:0]]
[2020.12.02-07.54.43:729][  0]LogConfig: Setting CVar [[gc.BlueprintClusteringEnabled:0]]
[2020.12.02-07.54.43:729][  0]LogConfig: Setting CVar [[gc.UseDisregardForGCOnDedicatedServers:0]]
[2020.12.02-07.54.43:729][  0]LogConfig: Applying CVar settings from Section [/Script/Engine.NetworkSettings] File [D:/Unreal Projects/BusinessCity/Saved/Config/Windows/Engine.ini]
[2020.12.02-07.54.43:729][  0]LogConfig: Applying CVar settings from Section [/Script/UnrealEd.CookerSettings] File [D:/Unreal Projects/BusinessCity/Saved/Config/Windows/Engine.ini]
[2020.12.02-07.54.43:735][  0]LogConfig: Applying CVar settings from Section [ViewDistanceQuality@3] File [D:/Unreal Projects/BusinessCity/Saved/Config/Windows/Scalability.ini]
[2020.12.02-07.54.43:735][  0]LogConfig: Setting CVar [[r.SkeletalMeshLODBias:0]]
[2020.12.02-07.54.43:735][  0]LogConfig: Setting CVar [[r.ViewDistanceScale:1.0]]
[2020.12.02-07.54.43:735][  0]LogConfig: Applying CVar settings from Section [AntiAliasingQuality@3] File [D:/Unreal Projects/BusinessCity/Saved/Config/Windows/Scalability.ini]
[2020.12.02-07.54.43:735][  0]LogConfig: Setting CVar [[r.PostProcessAAQuality:4]]
[2020.12.02-07.54.43:735][  0]LogConfig: Applying CVar settings from Section [ShadowQuality@3] File [D:/Unreal Projects/BusinessCity/Saved/Config/Windows/Scalability.ini]
[2020.12.02-07.54.43:735][  0]LogConfig: Setting CVar [[r.LightFunctionQuality:1]]
[2020.12.02-07.54.43:735][  0]LogConfig: Setting CVar [[r.ShadowQuality:5]]
[2020.12.02-07.54.43:735][  0]LogConfig: Setting CVar [[r.Shadow.CSM.MaxCascades:10]]
[2020.12.02-07.54.43:735][  0]LogConfig: Setting CVar [[r.Shadow.MaxResolution:2048]]
[2020.12.02-07.54.43:735][  0]LogConfig: Setting CVar [[r.Shadow.MaxCSMResolution:2048]]
[2020.12.02-07.54.43:735][  0]LogConfig: Setting CVar [[r.Shadow.RadiusThreshold:0.01]]
[2020.12.02-07.54.43:735][  0]LogConfig: Setting CVar [[r.Shadow.DistanceScale:1.0]]
[2020.12.02-07.54.43:735][  0]LogConfig: Setting CVar [[r.Shadow.CSM.TransitionScale:1.0]]
[2020.12.02-07.54.43:735][  0]LogConfig: Setting CVar [[r.Shadow.PreShadowResolutionFactor:1.0]]
[2020.12.02-07.54.43:735][  0]LogConfig: Setting CVar [[r.DistanceFieldShadowing:1]]
[2020.12.02-07.54.43:735][  0]LogConfig: Setting CVar [[r.DistanceFieldAO:1]]
[2020.12.02-07.54.43:735][  0]LogConfig: Setting CVar [[r.AOQuality:2]]
[2020.12.02-07.54.43:735][  0]LogConfig: Setting CVar [[r.VolumetricFog:1]]
[2020.12.02-07.54.43:735][  0]LogConfig: Setting CVar [[r.VolumetricFog.GridPixelSize:8]]
[2020.12.02-07.54.43:735][  0]LogConfig: Setting CVar [[r.VolumetricFog.GridSizeZ:128]]
[2020.12.02-07.54.43:735][  0]LogConfig: Setting CVar [[r.VolumetricFog.HistoryMissSupersampleCount:4]]
[2020.12.02-07.54.43:736][  0]LogConfig: Setting CVar [[r.LightMaxDrawDistanceScale:1]]
[2020.12.02-07.54.43:736][  0]LogConfig: Setting CVar [[r.CapsuleShadows:1]]
[2020.12.02-07.54.43:736][  0]LogConfig: Applying CVar settings from Section [PostProcessQuality@3] File [D:/Unreal Projects/BusinessCity/Saved/Config/Windows/Scalability.ini]
[2020.12.02-07.54.43:736][  0]LogConfig: Setting CVar [[r.MotionBlurQuality:4]]
[2020.12.02-07.54.43:736][  0]LogConfig: Setting CVar [[r.AmbientOcclusionMipLevelFactor:0.4]]
[2020.12.02-07.54.43:736][  0]LogConfig: Setting CVar [[r.AmbientOcclusionMaxQuality:100]]
[2020.12.02-07.54.43:736][  0]LogConfig: Setting CVar [[r.AmbientOcclusionLevels:-1]]
[2020.12.02-07.54.43:736][  0]LogConfig: Setting CVar [[r.AmbientOcclusionRadiusScale:1.0]]
[2020.12.02-07.54.43:736][  0]LogConfig: Setting CVar [[r.DepthOfFieldQuality:2]]
[2020.12.02-07.54.43:736][  0]LogConfig: Setting CVar [[r.RenderTargetPoolMin:400]]
[2020.12.02-07.54.43:736][  0]LogConfig: Setting CVar [[r.LensFlareQuality:2]]
[2020.12.02-07.54.43:736][  0]LogConfig: Setting CVar [[r.SceneColorFringeQuality:1]]
[2020.12.02-07.54.43:736][  0]LogConfig: Setting CVar [[r.EyeAdaptationQuality:2]]
[2020.12.02-07.54.43:736][  0]LogConfig: Setting CVar [[r.BloomQuality:5]]
[2020.12.02-07.54.43:736][  0]LogConfig: Setting CVar [[r.FastBlurThreshold:100]]
[2020.12.02-07.54.43:736][  0]LogConfig: Setting CVar [[r.Upscale.Quality:3]]
[2020.12.02-07.54.43:736][  0]LogConfig: Setting CVar [[r.Tonemapper.GrainQuantization:1]]
[2020.12.02-07.54.43:736][  0]LogConfig: Setting CVar [[r.LightShaftQuality:1]]
[2020.12.02-07.54.43:736][  0]LogConfig: Setting CVar [[r.Filter.SizeScale:1]]
[2020.12.02-07.54.43:737][  0]LogConfig: Setting CVar [[r.Tonemapper.Quality:5]]
[2020.12.02-07.54.43:737][  0]LogConfig: Setting CVar [[r.DOF.Gather.AccumulatorQuality:1        ; higher gathering accumulator quality]]
[2020.12.02-07.54.43:737][  0]LogConfig: Setting CVar [[r.DOF.Gather.PostfilterMethod:1          ; Median3x3 postfilering method]]
[2020.12.02-07.54.43:737][  0]LogConfig: Setting CVar [[r.DOF.Gather.EnableBokehSettings:0       ; no bokeh simulation when gathering]]
[2020.12.02-07.54.43:737][  0]LogConfig: Setting CVar [[r.DOF.Gather.RingCount:4                 ; medium number of samples when gathering]]
[2020.12.02-07.54.43:737][  0]LogConfig: Setting CVar [[r.DOF.Scatter.ForegroundCompositing:1    ; additive foreground scattering]]
[2020.12.02-07.54.43:737][  0]LogConfig: Setting CVar [[r.DOF.Scatter.BackgroundCompositing:2    ; additive background scattering]]
[2020.12.02-07.54.43:737][  0]LogConfig: Setting CVar [[r.DOF.Scatter.EnableBokehSettings:1      ; bokeh simulation when scattering]]
[2020.12.02-07.54.43:737][  0]LogConfig: Setting CVar [[r.DOF.Scatter.MaxSpriteRatio:0.1         ; only a maximum of 10% of scattered bokeh]]
[2020.12.02-07.54.43:737][  0]LogConfig: Setting CVar [[r.DOF.Recombine.Quality:1                ; cheap slight out of focus]]
[2020.12.02-07.54.43:738][  0]LogConfig: Setting CVar [[r.DOF.Recombine.EnableBokehSettings:0    ; no bokeh simulation on slight out of focus]]
[2020.12.02-07.54.43:738][  0]LogConfig: Setting CVar [[r.DOF.TemporalAAQuality:1                ; more stable temporal accumulation]]
[2020.12.02-07.54.43:738][  0]LogConfig: Setting CVar [[r.DOF.Kernel.MaxForegroundRadius:0.025]]
[2020.12.02-07.54.43:738][  0]LogConfig: Setting CVar [[r.DOF.Kernel.MaxBackgroundRadius:0.025]]
[2020.12.02-07.54.43:738][  0]LogConfig: Applying CVar settings from Section [TextureQuality@3] File [D:/Unreal Projects/BusinessCity/Saved/Config/Windows/Scalability.ini]
[2020.12.02-07.54.43:738][  0]LogConfig: Setting CVar [[r.Streaming.MipBias:0]]
[2020.12.02-07.54.43:738][  0]LogConfig: Setting CVar [[r.Streaming.AmortizeCPUToGPUCopy:0]]
[2020.12.02-07.54.43:738][  0]LogConfig: Setting CVar [[r.Streaming.MaxNumTexturesToStreamPerFrame:0]]
[2020.12.02-07.54.43:738][  0]LogConfig: Setting CVar [[r.Streaming.Boost:1]]
[2020.12.02-07.54.43:738][  0]LogConfig: Setting CVar [[r.MaxAnisotropy:8]]
[2020.12.02-07.54.43:738][  0]LogConfig: Setting CVar [[r.Streaming.LimitPoolSizeToVRAM:0]]
[2020.12.02-07.54.43:738][  0]LogConfig: Setting CVar [[r.Streaming.PoolSize:1000]]
[2020.12.02-07.54.43:738][  0]LogConfig: Setting CVar [[r.Streaming.MaxEffectiveScreenSize:0]]
[2020.12.02-07.54.43:738][  0]LogConfig: Applying CVar settings from Section [EffectsQuality@3] File [D:/Unreal Projects/BusinessCity/Saved/Config/Windows/Scalability.ini]
[2020.12.02-07.54.43:738][  0]LogConfig: Setting CVar [[r.TranslucencyLightingVolumeDim:64]]
[2020.12.02-07.54.43:738][  0]LogConfig: Setting CVar [[r.RefractionQuality:2]]
[2020.12.02-07.54.43:738][  0]LogConfig: Setting CVar [[r.SSR.Quality:3]]
[2020.12.02-07.54.43:738][  0]LogConfig: Setting CVar [[r.SceneColorFormat:4]]
[2020.12.02-07.54.43:738][  0]LogConfig: Setting CVar [[r.DetailMode:2]]
[2020.12.02-07.54.43:738][  0]LogConfig: Setting CVar [[r.TranslucencyVolumeBlur:1]]
[2020.12.02-07.54.43:738][  0]LogConfig: Setting CVar [[r.MaterialQualityLevel:1 ; High quality]]
[2020.12.02-07.54.43:739][  0]LogConfig: Setting CVar [[r.SSS.Scale:1]]
[2020.12.02-07.54.43:739][  0]LogConfig: Setting CVar [[r.SSS.SampleSet:2]]
[2020.12.02-07.54.43:739][  0]LogConfig: Setting CVar [[r.SSS.Quality:1]]
[2020.12.02-07.54.43:739][  0]LogConfig: Setting CVar [[r.SSS.HalfRes:1]]
[2020.12.02-07.54.43:739][  0]LogConfig: Setting CVar [[r.EmitterSpawnRateScale:1.0]]
[2020.12.02-07.54.43:739][  0]LogConfig: Setting CVar [[r.ParticleLightQuality:2]]
[2020.12.02-07.54.43:739][  0]LogConfig: Applying CVar settings from Section [FoliageQuality@3] File [D:/Unreal Projects/BusinessCity/Saved/Config/Windows/Scalability.ini]
[2020.12.02-07.54.43:740][  0]LogConfig: Setting CVar [[foliage.DensityScale:1.0]]
[2020.12.02-07.54.43:740][  0]LogConfig: Setting CVar [[grass.DensityScale:1.0]]
[2020.12.02-07.54.43:741][  0]LogInit: Selected Device Profile: [Windows]
[2020.12.02-07.54.43:741][  0]LogInit: Applying CVar settings loaded from the selected device profile: [Windows]
[2020.12.02-07.54.43:758][  0]LogHAL: Display: Platform has ~ 20 GB [21350498304 / 34359738368 / 20], which maps to Larger [LargestMinGB=32, LargerMinGB=12, DefaultMinGB=8, SmallerMinGB=6, SmallestMinGB=0)
[2020.12.02-07.54.43:758][  0]LogInit: Going up to parent DeviceProfile []
[2020.12.02-07.54.43:759][  0]LogConfig: Applying CVar settings from Section [ViewDistanceQuality@3] File [D:/Unreal Projects/BusinessCity/Saved/Config/Windows/Scalability.ini]
[2020.12.02-07.54.43:759][  0]LogConfig: Setting CVar [[r.SkeletalMeshLODBias:0]]
[2020.12.02-07.54.43:759][  0]LogConfig: Setting CVar [[r.ViewDistanceScale:1.0]]
[2020.12.02-07.54.43:759][  0]LogConfig: Applying CVar settings from Section [AntiAliasingQuality@3] File [D:/Unreal Projects/BusinessCity/Saved/Config/Windows/Scalability.ini]
[2020.12.02-07.54.43:759][  0]LogConfig: Setting CVar [[r.PostProcessAAQuality:4]]
[2020.12.02-07.54.43:759][  0]LogConfig: Applying CVar settings from Section [ShadowQuality@3] File [D:/Unreal Projects/BusinessCity/Saved/Config/Windows/Scalability.ini]
[2020.12.02-07.54.43:760][  0]LogConfig: Setting CVar [[r.LightFunctionQuality:1]]
[2020.12.02-07.54.43:760][  0]LogConfig: Setting CVar [[r.ShadowQuality:5]]
[2020.12.02-07.54.43:760][  0]LogConfig: Setting CVar [[r.Shadow.CSM.MaxCascades:10]]
[2020.12.02-07.54.43:760][  0]LogConfig: Setting CVar [[r.Shadow.MaxResolution:2048]]
[2020.12.02-07.54.43:760][  0]LogConfig: Setting CVar [[r.Shadow.MaxCSMResolution:2048]]
[2020.12.02-07.54.43:760][  0]LogConfig: Setting CVar [[r.Shadow.RadiusThreshold:0.01]]
[2020.12.02-07.54.43:761][  0]LogConfig: Setting CVar [[r.Shadow.DistanceScale:1.0]]
[2020.12.02-07.54.43:761][  0]LogConfig: Setting CVar [[r.Shadow.CSM.TransitionScale:1.0]]
[2020.12.02-07.54.43:761][  0]LogConfig: Setting CVar [[r.Shadow.PreShadowResolutionFactor:1.0]]
[2020.12.02-07.54.43:761][  0]LogConfig: Setting CVar [[r.DistanceFieldShadowing:1]]
[2020.12.02-07.54.43:761][  0]LogConfig: Setting CVar [[r.DistanceFieldAO:1]]
[2020.12.02-07.54.43:761][  0]LogConfig: Setting CVar [[r.AOQuality:2]]
[2020.12.02-07.54.43:761][  0]LogConfig: Setting CVar [[r.VolumetricFog:1]]
[2020.12.02-07.54.43:761][  0]LogConfig: Setting CVar [[r.VolumetricFog.GridPixelSize:8]]
[2020.12.02-07.54.43:761][  0]LogConfig: Setting CVar [[r.VolumetricFog.GridSizeZ:128]]
[2020.12.02-07.54.43:761][  0]LogConfig: Setting CVar [[r.VolumetricFog.HistoryMissSupersampleCount:4]]
[2020.12.02-07.54.43:761][  0]LogConfig: Setting CVar [[r.LightMaxDrawDistanceScale:1]]
[2020.12.02-07.54.43:761][  0]LogConfig: Setting CVar [[r.CapsuleShadows:1]]
[2020.12.02-07.54.43:762][  0]LogConfig: Applying CVar settings from Section [PostProcessQuality@3] File [D:/Unreal Projects/BusinessCity/Saved/Config/Windows/Scalability.ini]
[2020.12.02-07.54.43:762][  0]LogConfig: Setting CVar [[r.MotionBlurQuality:4]]
[2020.12.02-07.54.43:762][  0]LogConfig: Setting CVar [[r.AmbientOcclusionMipLevelFactor:0.4]]
[2020.12.02-07.54.43:762][  0]LogConfig: Setting CVar [[r.AmbientOcclusionMaxQuality:100]]
[2020.12.02-07.54.43:762][  0]LogConfig: Setting CVar [[r.AmbientOcclusionLevels:-1]]
[2020.12.02-07.54.43:762][  0]LogConfig: Setting CVar [[r.AmbientOcclusionRadiusScale:1.0]]
[2020.12.02-07.54.43:762][  0]LogConfig: Setting CVar [[r.DepthOfFieldQuality:2]]
[2020.12.02-07.54.43:762][  0]LogConfig: Setting CVar [[r.RenderTargetPoolMin:400]]
[2020.12.02-07.54.43:762][  0]LogConfig: Setting CVar [[r.LensFlareQuality:2]]
[2020.12.02-07.54.43:762][  0]LogConfig: Setting CVar [[r.SceneColorFringeQuality:1]]
[2020.12.02-07.54.43:763][  0]LogConfig: Setting CVar [[r.EyeAdaptationQuality:2]]
[2020.12.02-07.54.43:763][  0]LogConfig: Setting CVar [[r.BloomQuality:5]]
[2020.12.02-07.54.43:763][  0]LogConfig: Setting CVar [[r.FastBlurThreshold:100]]
[2020.12.02-07.54.43:763][  0]LogConfig: Setting CVar [[r.Upscale.Quality:3]]
[2020.12.02-07.54.43:763][  0]LogConfig: Setting CVar [[r.Tonemapper.GrainQuantization:1]]
[2020.12.02-07.54.43:763][  0]LogConfig: Setting CVar [[r.LightShaftQuality:1]]
[2020.12.02-07.54.43:763][  0]LogConfig: Setting CVar [[r.Filter.SizeScale:1]]
[2020.12.02-07.54.43:763][  0]LogConfig: Setting CVar [[r.Tonemapper.Quality:5]]
[2020.12.02-07.54.43:763][  0]LogConfig: Setting CVar [[r.DOF.Gather.AccumulatorQuality:1        ; higher gathering accumulator quality]]
[2020.12.02-07.54.43:763][  0]LogConfig: Setting CVar [[r.DOF.Gather.PostfilterMethod:1          ; Median3x3 postfilering method]]
[2020.12.02-07.54.43:764][  0]LogConfig: Setting CVar [[r.DOF.Gather.EnableBokehSettings:0       ; no bokeh simulation when gathering]]
[2020.12.02-07.54.43:764][  0]LogConfig: Setting CVar [[r.DOF.Gather.RingCount:4                 ; medium number of samples when gathering]]
[2020.12.02-07.54.43:764][  0]LogConfig: Setting CVar [[r.DOF.Scatter.ForegroundCompositing:1    ; additive foreground scattering]]
[2020.12.02-07.54.43:764][  0]LogConfig: Setting CVar [[r.DOF.Scatter.BackgroundCompositing:2    ; additive background scattering]]
[2020.12.02-07.54.43:764][  0]LogConfig: Setting CVar [[r.DOF.Scatter.EnableBokehSettings:1      ; bokeh simulation when scattering]]
[2020.12.02-07.54.43:764][  0]LogConfig: Setting CVar [[r.DOF.Scatter.MaxSpriteRatio:0.1         ; only a maximum of 10% of scattered bokeh]]
[2020.12.02-07.54.43:764][  0]LogConfig: Setting CVar [[r.DOF.Recombine.Quality:1                ; cheap slight out of focus]]
[2020.12.02-07.54.43:764][  0]LogConfig: Setting CVar [[r.DOF.Recombine.EnableBokehSettings:0    ; no bokeh simulation on slight out of focus]]
[2020.12.02-07.54.43:764][  0]LogConfig: Setting CVar [[r.DOF.TemporalAAQuality:1                ; more stable temporal accumulation]]
[2020.12.02-07.54.43:764][  0]LogConfig: Setting CVar [[r.DOF.Kernel.MaxForegroundRadius:0.025]]
[2020.12.02-07.54.43:764][  0]LogConfig: Setting CVar [[r.DOF.Kernel.MaxBackgroundRadius:0.025]]
[2020.12.02-07.54.43:764][  0]LogConfig: Applying CVar settings from Section [TextureQuality@3] File [D:/Unreal Projects/BusinessCity/Saved/Config/Windows/Scalability.ini]
[2020.12.02-07.54.43:765][  0]LogConfig: Setting CVar [[r.Streaming.MipBias:0]]
[2020.12.02-07.54.43:765][  0]LogConfig: Setting CVar [[r.Streaming.AmortizeCPUToGPUCopy:0]]
[2020.12.02-07.54.43:765][  0]LogConfig: Setting CVar [[r.Streaming.MaxNumTexturesToStreamPerFrame:0]]
[2020.12.02-07.54.43:765][  0]LogConfig: Setting CVar [[r.Streaming.Boost:1]]
[2020.12.02-07.54.43:765][  0]LogConfig: Setting CVar [[r.MaxAnisotropy:8]]
[2020.12.02-07.54.43:765][  0]LogConfig: Setting CVar [[r.Streaming.LimitPoolSizeToVRAM:0]]
[2020.12.02-07.54.43:765][  0]LogConfig: Setting CVar [[r.Streaming.PoolSize:1000]]
[2020.12.02-07.54.43:765][  0]LogConfig: Setting CVar [[r.Streaming.MaxEffectiveScreenSize:0]]
[2020.12.02-07.54.43:765][  0]LogConfig: Applying CVar settings from Section [EffectsQuality@3] File [D:/Unreal Projects/BusinessCity/Saved/Config/Windows/Scalability.ini]
[2020.12.02-07.54.43:765][  0]LogConfig: Setting CVar [[r.TranslucencyLightingVolumeDim:64]]
[2020.12.02-07.54.43:765][  0]LogConfig: Setting CVar [[r.RefractionQuality:2]]
[2020.12.02-07.54.43:765][  0]LogConfig: Setting CVar [[r.SSR.Quality:3]]
[2020.12.02-07.54.43:765][  0]LogConfig: Setting CVar [[r.SceneColorFormat:4]]
[2020.12.02-07.54.43:765][  0]LogConfig: Setting CVar [[r.DetailMode:2]]
[2020.12.02-07.54.43:765][  0]LogConfig: Setting CVar [[r.TranslucencyVolumeBlur:1]]
[2020.12.02-07.54.43:765][  0]LogConfig: Setting CVar [[r.MaterialQualityLevel:1 ; High quality]]
[2020.12.02-07.54.43:766][  0]LogConfig: Setting CVar [[r.SSS.Scale:1]]
[2020.12.02-07.54.43:766][  0]LogConfig: Setting CVar [[r.SSS.SampleSet:2]]
[2020.12.02-07.54.43:766][  0]LogConfig: Setting CVar [[r.SSS.Quality:1]]
[2020.12.02-07.54.43:766][  0]LogConfig: Setting CVar [[r.SSS.HalfRes:1]]
[2020.12.02-07.54.43:766][  0]LogConfig: Setting CVar [[r.EmitterSpawnRateScale:1.0]]
[2020.12.02-07.54.43:766][  0]LogConfig: Setting CVar [[r.ParticleLightQuality:2]]
[2020.12.02-07.54.43:766][  0]LogConfig: Applying CVar settings from Section [FoliageQuality@3] File [D:/Unreal Projects/BusinessCity/Saved/Config/Windows/Scalability.ini]
[2020.12.02-07.54.43:768][  0]LogConfig: Setting CVar [[foliage.DensityScale:1.0]]
[2020.12.02-07.54.43:768][  0]LogConfig: Setting CVar [[grass.DensityScale:1.0]]
[2020.12.02-07.54.43:768][  0]LogConfig: Applying CVar settings from Section [Startup] File [../../../Engine/Config/ConsoleVariables.ini]
[2020.12.02-07.54.43:769][  0]LogConfig: Setting CVar [[net.UseAdaptiveNetUpdateFrequency:0]]
[2020.12.02-07.54.43:770][  0]LogConfig: Setting CVar [[p.chaos.AllowCreatePhysxBodies:1]]
[2020.12.02-07.54.43:770][  0]LogConfig: Applying CVar settings from Section [ConsoleVariables] File [D:/Unreal Projects/BusinessCity/Saved/Config/Windows/Engine.ini]
[2020.12.02-07.54.43:770][  0]LogInit: Computer: DESKTOP-S3MQSB3
[2020.12.02-07.54.43:770][  0]LogInit: User: Anastasiia
[2020.12.02-07.54.43:770][  0]LogInit: CPU Page size=4096, Cores=2
[2020.12.02-07.54.43:770][  0]LogInit: High frequency timer resolution =10.000000 MHz
[2020.12.02-07.54.43:770][  0]LogMemory: Memory total: Physical=19.9GB (20GB approx)
[2020.12.02-07.54.43:771][  0]LogMemory: Platform Memory Stats for Windows
[2020.12.02-07.54.43:771][  0]LogMemory: Process Physical Memory: 102.32 MB used, 102.32 MB peak
[2020.12.02-07.54.43:771][  0]LogMemory: Process Virtual Memory: 99.00 MB used, 99.00 MB peak
[2020.12.02-07.54.43:771][  0]LogMemory: Physical Memory: 9495.19 MB used,  10866.23 MB free, 20361.42 MB total
[2020.12.02-07.54.43:771][  0]LogMemory: Virtual Memory: 4656.22 MB used,  134213072.00 MB free, 134217728.00 MB total
[2020.12.02-07.54.43:780][  0]LogWindows: WindowsPlatformFeatures enabled
[2020.12.02-07.54.43:846][  0]LogInit: Using OS detected language (ru-RU).
[2020.12.02-07.54.43:846][  0]LogInit: Using OS detected locale (uk-UA).
[2020.12.02-07.54.43:848][  0]LogTextLocalizationManager: No specific localization for 'ru-RU' exists, so the 'ru' localization will be used.
[2020.12.02-07.54.43:849][  0]LogTextLocalizationManager: No localization for 'uk-UA' exists, so 'ru' will be used for the locale.
[2020.12.02-07.54.43:851][  0]LogTextLocalizationResource: LocRes '../../../Engine/Content/Localization/Editor/ru/Editor.locres' could not be opened for reading!
[2020.12.02-07.54.43:852][  0]LogTextLocalizationResource: LocRes '../../../Engine/Content/Localization/EditorTutorials/ru/EditorTutorials.locres' could not be opened for reading!
[2020.12.02-07.54.43:852][  0]LogTextLocalizationResource: LocRes '../../../Engine/Content/Localization/Keywords/ru/Keywords.locres' could not be opened for reading!
[2020.12.02-07.54.43:852][  0]LogTextLocalizationResource: LocRes '../../../Engine/Content/Localization/Category/ru/Category.locres' could not be opened for reading!
[2020.12.02-07.54.43:852][  0]LogTextLocalizationResource: LocRes '../../../Engine/Content/Localization/ToolTips/ru/ToolTips.locres' could not be opened for reading!
[2020.12.02-07.54.43:852][  0]LogTextLocalizationResource: LocRes '../../../Engine/Content/Localization/PropertyNames/ru/PropertyNames.locres' could not be opened for reading!
[2020.12.02-07.54.43:853][  0]LogTextLocalizationResource: LocRes '../../../Engine/Content/Localization/Engine/ru/Engine.locres' could not be opened for reading!
[2020.12.02-07.54.43:936][  0]LogSlate: New Slate User Created.  User Index 0, Is Virtual User: 0
[2020.12.02-07.54.43:936][  0]LogSlate: Slate User Registered.  User Index 0, Is Virtual User: 0
[2020.12.02-07.54.44:046][  0]LogHMD: Failed to initialize OpenVR with code 110
[2020.12.02-07.54.44:046][  0]LogD3D11RHI: D3D11 adapters:
[2020.12.02-07.54.44:170][  0]LogD3D11RHI:    0. 'NVIDIA GeForce 920MX' (Feature Level 11_0)
[2020.12.02-07.54.44:170][  0]LogD3D11RHI:       2020/0/10180 MB DedicatedVideo/DedicatedSystem/SharedSystem, Outputs:1, VendorId:0x10de
[2020.12.02-07.54.44:202][  0]LogD3D11RHI:    1. 'Intel(R) HD Graphics 620' (Feature Level 11_0)
[2020.12.02-07.54.44:202][  0]LogD3D11RHI:       128/0/10180 MB DedicatedVideo/DedicatedSystem/SharedSystem, Outputs:0, VendorId:0x8086
[2020.12.02-07.54.44:207][  0]LogD3D11RHI:    2. 'Microsoft Basic Render Driver' (Feature Level 11_0)
[2020.12.02-07.54.44:207][  0]LogD3D11RHI:       0/0/10180 MB DedicatedVideo/DedicatedSystem/SharedSystem, Outputs:0, VendorId:0x1414
[2020.12.02-07.54.44:207][  0]LogD3D11RHI: Chosen D3D11 Adapter: 0
[2020.12.02-07.54.44:292][  0]LogD3D11RHI: Creating new Direct3DDevice
[2020.12.02-07.54.44:292][  0]LogD3D11RHI:     GPU DeviceId: 0x134f (for the marketing name, search the web for "GPU Device Id")
[2020.12.02-07.54.44:292][  0]LogWindows: EnumDisplayDevices:
[2020.12.02-07.54.44:293][  0]LogWindows:    0. 'Intel(R) HD Graphics 620' (P:1 D:1)
[2020.12.02-07.54.44:294][  0]LogWindows:    1. 'Intel(R) HD Graphics 620' (P:0 D:0)
[2020.12.02-07.54.44:294][  0]LogWindows:    2. 'Intel(R) HD Graphics 620' (P:0 D:0)
[2020.12.02-07.54.44:295][  0]LogWindows: DebugString: PrimaryIsNotTheChoosenAdapter PrimaryIsNotTheChoosenAdapter PrimaryIsNotTheChoosenAdapter FoundDriverCount:0 
[2020.12.02-07.54.44:295][  0]LogD3D11RHI:     Adapter Name: NVIDIA GeForce 920MX
[2020.12.02-07.54.44:295][  0]LogD3D11RHI:   Driver Version: Unknown (internal:Unknown, unified:Unknown)
[2020.12.02-07.54.44:295][  0]LogD3D11RHI:      Driver Date: Unknown
[2020.12.02-07.54.44:295][  0]LogRHI: Texture pool is 1414 MB (70% of 2020 MB)
[2020.12.02-07.54.44:357][  0]LogD3D11RHI: Async texture creation enabled
[2020.12.02-07.54.44:375][  0]LogD3D11RHI: GPU Timing Frequency: 1000.000000 (Debug: 2 1)
[2020.12.02-07.54.45:427][  0]LogTemp: Display: Module 'WindowsClientTargetPlatform' loaded TargetPlatform 'WindowsClient'
[2020.12.02-07.54.45:452][  0]LogTemp: Display: Module 'WindowsNoEditorTargetPlatform' loaded TargetPlatform 'WindowsNoEditor'
[2020.12.02-07.54.45:473][  0]LogTemp: Display: Module 'WindowsServerTargetPlatform' loaded TargetPlatform 'WindowsServer'
[2020.12.02-07.54.45:481][  0]LogTemp: Display: Module 'WindowsTargetPlatform' loaded TargetPlatform 'Windows'
[2020.12.02-07.54.45:481][  0]LogTargetPlatformManager: Display: Building Assets For Windows
[2020.12.02-07.54.45:500][  0]LogAudioDebug: Display: Lib vorbis DLL was dynamically loaded.
[2020.12.02-07.54.45:602][  0]LogShaderCompilers: Guid format shader working directory is 7 characters bigger than the processId version (../../../../../Unreal Projects/BusinessCity/Intermediate/Shaders/WorkingDirectory/20372/).
[2020.12.02-07.54.45:603][  0]LogShaderCompilers: Cleaned the shader compiler working directory 'C:/Users/Anastasiia/AppData/Local/Temp/UnrealShaderWorkingDir/FE233E87410EC1F58A8B0F93457AA42E/'.
[2020.12.02-07.54.45:606][  0]LogXGEController: Cannot use XGE Controller as Incredibuild is not installed on this machine.
[2020.12.02-07.54.45:606][  0]LogShaderCompilers: Cannot use XGE Shader Compiler as Incredibuild is not installed on this machine.
[2020.12.02-07.54.45:606][  0]LogShaderCompilers: Display: Using Local Shader Compiler.
[2020.12.02-07.54.47:462][  0]LogDerivedDataCache: Display: Max Cache Size: 512 MB
[2020.12.02-07.54.47:625][  0]LogDerivedDataCache: Loaded boot cache 0.16s 73MB C:/Users/Anastasiia/AppData/Local/UnrealEngine/4.23/DerivedDataCache/Boot.ddc.
[2020.12.02-07.54.47:625][  0]LogDerivedDataCache: Display: Loaded Boot cache: C:/Users/Anastasiia/AppData/Local/UnrealEngine/4.23/DerivedDataCache/Boot.ddc
[2020.12.02-07.54.47:625][  0]LogDerivedDataCache: FDerivedDataBackendGraph:  Pak pak cache file ../../../../../Unreal Projects/BusinessCity/DerivedDataCache/DDC.ddp not found, will not use a pak cache.
[2020.12.02-07.54.47:626][  0]LogDerivedDataCache: Unable to find inner node Pak for hierarchical cache Hierarchy.
[2020.12.02-07.54.47:626][  0]LogDerivedDataCache: FDerivedDataBackendGraph:  CompressedPak pak cache file ../../../../../Unreal Projects/BusinessCity/DerivedDataCache/Compressed.ddp not found, will not use a pak cache.
[2020.12.02-07.54.47:626][  0]LogDerivedDataCache: Unable to find inner node CompressedPak for hierarchical cache Hierarchy.
[2020.12.02-07.54.47:656][  0]LogDerivedDataCache: Display: Pak cache opened for reading ../../../Engine/DerivedDataCache/Compressed.ddp.
[2020.12.02-07.54.47:656][  0]LogDerivedDataCache: FDerivedDataBackendGraph:  EnterprisePak pak cache file ../../../Enterprise/DerivedDataCache/Compressed.ddp not found, will not use a pak cache.
[2020.12.02-07.54.47:656][  0]LogDerivedDataCache: Unable to find inner node EnterprisePak for hierarchical cache Hierarchy.
[2020.12.02-07.54.47:936][  0]LogDerivedDataCache: Using Local data cache path C:/Users/Anastasiia/AppData/Local/UnrealEngine/Common/DerivedDataCache: Writable
[2020.12.02-07.54.47:936][  0]LogDerivedDataCache: Shared data cache path not found in *engine.ini, will not use an Shared cache.
[2020.12.02-07.54.47:936][  0]LogDerivedDataCache: Unable to find inner node Shared for hierarchical cache Hierarchy.
[2020.12.02-07.54.48:021][  0]LogMaterial: Verifying Global Shaders for PCD3D_SM5
[2020.12.02-07.54.48:029][  0]LogSlate: Using FreeType 2.6.0
[2020.12.02-07.54.48:031][  0]LogSlate: SlateFontServices - WITH_FREETYPE: 1, WITH_HARFBUZZ: 1
[2020.12.02-07.54.48:458][  0]LogInit: Using OS detected language (ru-RU).
[2020.12.02-07.54.48:458][  0]LogInit: Using OS detected locale (uk-UA).
[2020.12.02-07.54.48:458][  0]LogTextLocalizationManager: No localization for 'ru-RU' exists, so 'en' will be used for the language.
[2020.12.02-07.54.48:459][  0]LogTextLocalizationManager: No localization for 'uk-UA' exists, so 'en' will be used for the locale.
[2020.12.02-07.54.48:459][  0]LogSlate: FontCache flush requested. Reason: Culture for localization was changed
[2020.12.02-07.54.48:459][  0]LogSlate: FontCache flush requested. Reason: Culture for localization was changed
[2020.12.02-07.54.48:460][  0]LogTextLocalizationManager: Compacting localization data took   0.01ms
[2020.12.02-07.54.48:475][  0]LogAssetRegistry: FAssetRegistry took 0.0070 seconds to start up
[2020.12.02-07.54.49:272][  0]LogPackageLocalizationCache: Processed 14 localized package path(s) for 1 prioritized culture(s) in 0.001010 seconds
[2020.12.02-07.54.49:421][  0]LogInit: Selected Device Profile: [Windows]
[2020.12.02-07.54.49:830][  0]LogMeshReduction: Using QuadricMeshReduction for automatic static mesh reduction
[2020.12.02-07.54.49:831][  0]LogMeshReduction: Using SimplygonMeshReduction for automatic skeletal mesh reduction
[2020.12.02-07.54.49:831][  0]LogMeshReduction: Using ProxyLODMeshReduction for automatic mesh merging
[2020.12.02-07.54.49:831][  0]LogMeshReduction: No distributed automatic mesh merging module available
[2020.12.02-07.54.49:831][  0]LogMeshMerging: No distributed automatic mesh merging module available
[2020.12.02-07.54.49:848][  0]LogNetVersion: BusinessCity 1.0.0, NetCL: 8386587, EngineNetVer: 11, GameNetVer: 0 (Checksum: 1324250194)
[2020.12.02-07.54.50:971][  0]LogMoviePlayer: Initializing movie player
[2020.12.02-07.54.51:111][  0]LogTcpMessaging: Initializing TcpMessaging bridge
[2020.12.02-07.54.51:114][  0]LogUdpMessaging: Initializing bridge on interface 0.0.0.0:0 to multicast group 230.0.0.1:6666.
[2020.12.02-07.54.51:183][  0]SourceControl: Source control is disabled
[2020.12.02-07.54.51:183][  0]SourceControl: Source control is disabled
[2020.12.02-07.54.51:185][  0]SourceControl: Source control is disabled
[2020.12.02-07.54.51:259][  0]LogAndroidPermission: UAndroidPermissionCallbackProxy::GetInstance
[2020.12.02-07.54.51:460][  0]LogOcInput: OculusInput pre-init called
[2020.12.02-07.54.51:483][  0]LogUObjectArray: 48867 objects as part of root set at end of initial load.
[2020.12.02-07.54.51:483][  0]LogUObjectAllocator: 8610008 out of 0 bytes used by permanent object pool.
[2020.12.02-07.54.51:483][  0]LogUObjectArray: CloseDisregardForGC: 0/0 objects in disregard for GC pool
[2020.12.02-07.54.51:636][  0]LogEngine: Initializing Engine...
[2020.12.02-07.54.51:638][  0]LogHMD: Failed to initialize OpenVR with code 110
[2020.12.02-07.54.51:641][  0]LogStats: UGameplayTagsManager::InitializeManager -  0.000 s
[2020.12.02-07.54.52:040][  0]LogInit: Initializing FReadOnlyCVARCache
[2020.12.02-07.54.52:069][  0]LogInit: XAudio2 using 'Динамики (Realtek High Definition Audio)' : 2 channels at 48 kHz using 32 bits per sample (channel mask 0x3)
[2020.12.02-07.54.52:265][  0]LogInit: FAudioDevice initialized.
[2020.12.02-07.54.52:267][  0]LogNetVersion: Set ProjectVersion to 1.0.0.0. Version Checksum will be recalculated on next use.
[2020.12.02-07.54.52:274][  0]LogInit: Texture streaming: Enabled
[2020.12.02-07.54.52:864][  0]LogSlate: Updating window title bar state: overlay mode, drag disabled, window buttons hidden, title bar hidden
[2020.12.02-07.54.52:865][  0]LogInit: Display: Game Engine Initialized.
[2020.12.02-07.54.52:991][  0]LogInit: Display: Starting Game.
[2020.12.02-07.54.52:991][  0]LogNet: Browse: /Game/CityMap?Name=Player
[2020.12.02-07.54.52:992][  0]LogLoad: LoadMap: /Game/CityMap?Name=Player
[2020.12.02-07.54.52:992][  0]LogWorld: BeginTearingDown for /Temp/Untitled_0
[2020.12.02-07.54.52:995][  0]LogWorld: UWorld::CleanupWorld for Untitled, bSessionEnded=true, bCleanupResources=true
[2020.12.02-07.54.53:047][  0]LogUObjectHash: Compacting FUObjectHashTables data took   4.56ms
[2020.12.02-07.54.54:272][  0]LogAIModule: Creating AISystem for world CityMap
[2020.12.02-07.54.54:272][  0]LogLoad: Game class is 'MainMenuGameMode_C'
[2020.12.02-07.54.54:280][  0]LogWorld: Bringing World /Game/CityMap.CityMap up for play (max tick rate 0) at 2020.12.02-09.54.54
[2020.12.02-07.54.54:281][  0]LogWorld: Bringing up level for play took: 0.007486
[2020.12.02-07.54.54:290][  0]LogGameMode: Display: Match State Changed from EnteringMap to WaitingToStart
[2020.12.02-07.54.54:290][  0]LogGameState: Match State Changed from EnteringMap to WaitingToStart
[2020.12.02-07.54.54:290][  0]LogGameMode: Display: Match State Changed from WaitingToStart to InProgress
[2020.12.02-07.54.54:296][  0]LogGameState: Match State Changed from WaitingToStart to InProgress
[2020.12.02-07.54.54:297][  0]LogLoad: Took 1.305535 seconds to LoadMap(/Game/CityMap)
[2020.12.02-07.54.54:361][  0]LogRenderer: Reallocating scene render targets to support 1280x720 Format 10 NumSamples 1 (Frame:1).
[2020.12.02-07.54.54:361][  0]LogLoad: (Engine Initialization) Total time: 14.30 seconds
[2020.12.02-07.54.54:361][  0]LogLoad: (Engine Initialization) Total Blueprint compile time: 0.00 seconds
[2020.12.02-07.54.54:793][  0]LogSlate: Window 'BusinessCity (64-bit Development PCD3D_SM5) ' being destroyed
[2020.12.02-07.54.54:794][  0]LogWindowsTextInputMethodSystem: Display: IME system now deactivated.
[2020.12.02-07.54.54:799][  0]LogWindowsTextInputMethodSystem: Display: IME system now deactivated.
[2020.12.02-07.54.54:801][  0]LogSlate: Updating window title bar state: overlay mode, drag disabled, window buttons hidden, title bar hidden
[2020.12.02-07.54.54:801][  0]LogEngine: All Windows Closed
[2020.12.02-07.54.54:801][  0]LogWindows: FPlatformMisc::RequestExit(0)
[2020.12.02-07.54.54:831][  1]LogWorld: BeginTearingDown for /Game/CityMap
[2020.12.02-07.54.54:831][  1]LogWorld: UWorld::CleanupWorld for CityMap, bSessionEnded=true, bCleanupResources=true
[2020.12.02-07.54.55:644][  1]LogExit: Preparing to exit.
[2020.12.02-07.54.55:644][  1]LogMoviePlayer: Shutting down movie player
[2020.12.02-07.54.56:142][  1]LogSlate: Updating window title bar state: overlay mode, drag disabled, window buttons hidden, title bar hidden
[2020.12.02-07.54.56:151][  1]LogDemo: Cleaned up 0 splitscreen connections with owner deletion
[2020.12.02-07.54.56:160][  1]LogExit: Game engine shut down
[2020.12.02-07.54.56:311][  1]LogExit: Object subsystem successfully closed.
[2020.12.02-07.54.56:331][  1]LogShaderCompilers: Display: Shaders left to compile 0
[2020.12.02-07.54.56:349][  1]LogModuleManager: Shutting down and abandoning module SequenceRecorderSections (416)
[2020.12.02-07.54.56:349][  1]LogModuleManager: Shutting down and abandoning module SequenceRecorder (414)
[2020.12.02-07.54.56:351][  1]LogModuleManager: Shutting down and abandoning module AutomationController (412)
[2020.12.02-07.54.56:351][  1]LogModuleManager: Shutting down and abandoning module AutomationWorker (410)
[2020.12.02-07.54.56:351][  1]LogModuleManager: Shutting down and abandoning module Voice (408)
[2020.12.02-07.54.56:351][  1]LogModuleManager: Shutting down and abandoning module AIModule (406)
[2020.12.02-07.54.56:351][  1]LogModuleManager: Shutting down and abandoning module GameplayDebugger (405)
[2020.12.02-07.54.56:351][  1]LogModuleManager: Shutting down and abandoning module AITestSuite (403)
[2020.12.02-07.54.56:351][  1]LogModuleManager: Shutting down and abandoning module NavigationSystem (401)
[2020.12.02-07.54.56:351][  1]LogModuleManager: Shutting down and abandoning module OculusMR (398)
[2020.12.02-07.54.56:351][  1]LogModuleManager: Shutting down and abandoning module WmfMediaFactory (396)
[2020.12.02-07.54.56:352][  1]LogModuleManager: Shutting down and abandoning module WebMMediaFactory (394)
[2020.12.02-07.54.56:352][  1]LogModuleManager: Shutting down and abandoning module WebMMedia (392)
[2020.12.02-07.54.56:352][  1]LogModuleManager: Shutting down and abandoning module OpenExrWrapper (390)
[2020.12.02-07.54.56:352][  1]LogModuleManager: Shutting down and abandoning module ImgMediaFactory (388)
[2020.12.02-07.54.56:352][  1]LogModuleManager: Shutting down and abandoning module AvfMediaFactory (386)
[2020.12.02-07.54.56:352][  1]LogModuleManager: Shutting down and abandoning module MagicLeapCameraPreviewFactory (384)
[2020.12.02-07.54.56:352][  1]LogModuleManager: Shutting down and abandoning module MagicLeapMediaCodecFactory (382)
[2020.12.02-07.54.56:352][  1]LogModuleManager: Shutting down and abandoning module MagicLeapMediaFactory (380)
[2020.12.02-07.54.56:352][  1]LogModuleManager: Shutting down and abandoning module CharacterAI (378)
[2020.12.02-07.54.56:352][  1]LogModuleManager: Shutting down and abandoning module SessionServices (376)
[2020.12.02-07.54.56:352][  1]LogModuleManager: Shutting down and abandoning module MovieSceneCapture (374)
[2020.12.02-07.54.56:352][  1]LogModuleManager: Shutting down and abandoning module LiveCoding (372)
[2020.12.02-07.54.56:352][  1]LogModuleManager: Shutting down and abandoning module LevelSequence (370)
[2020.12.02-07.54.56:352][  1]LogModuleManager: Shutting down and abandoning module MovieSceneTracks (368)
[2020.12.02-07.54.56:352][  1]LogModuleManager: Shutting down and abandoning module MovieScene (366)
[2020.12.02-07.54.56:352][  1]LogModuleManager: Shutting down and abandoning module StreamingPauseRendering (364)
[2020.12.02-07.54.56:352][  1]LogModuleManager: Shutting down and abandoning module PortalServices (362)
[2020.12.02-07.54.56:352][  1]LogModuleManager: Shutting down and abandoning module PortalRpc (360)
[2020.12.02-07.54.56:352][  1]LogModuleManager: Shutting down and abandoning module MessagingRpc (358)
[2020.12.02-07.54.56:352][  1]LogModuleManager: Shutting down and abandoning module ImageWriteQueue (356)
[2020.12.02-07.54.56:356][  1]LogModuleManager: Shutting down and abandoning module ProfilerService (354)
[2020.12.02-07.54.56:511][  1]LogModuleManager: Shutting down and abandoning module TaskGraph (352)
[2020.12.02-07.54.56:512][  1]LogModuleManager: Shutting down and abandoning module SteamVRController (350)
[2020.12.02-07.54.56:512][  1]LogModuleManager: Shutting down and abandoning module ProceduralMeshComponent (348)
[2020.12.02-07.54.56:512][  1]LogModuleManager: Shutting down and abandoning module OculusInput (346)
[2020.12.02-07.54.56:512][  1]LogModuleManager: Shutting down and abandoning module MobilePatchingUtils (344)
[2020.12.02-07.54.56:512][  1]LogModuleManager: Shutting down and abandoning module EditableMesh (342)
[2020.12.02-07.54.56:512][  1]LogModuleManager: Shutting down and abandoning module SQLiteSupport (340)
[2020.12.02-07.54.56:512][  1]LogModuleManager: Shutting down and abandoning module DatabaseSupport (338)
[2020.12.02-07.54.56:512][  1]LogModuleManager: Shutting down and abandoning module CustomMeshComponent (336)
[2020.12.02-07.54.56:512][  1]LogModuleManager: Shutting down and abandoning module CableComponent (334)
[2020.12.02-07.54.56:512][  1]LogModuleManager: Shutting down and abandoning module AudioCapture (332)
[2020.12.02-07.54.56:512][  1]LogModuleManager: Shutting down and abandoning module ArchVisCharacter (330)
[2020.12.02-07.54.56:512][  1]LogModuleManager: Shutting down and abandoning module AppleImageUtilsBlueprintSupport (328)
[2020.12.02-07.54.56:512][  1]LogModuleManager: Shutting down and abandoning module AppleImageUtils (326)
[2020.12.02-07.54.56:512][  1]LogModuleManager: Shutting down and abandoning module AndroidPermission (324)
[2020.12.02-07.54.56:512][  1]LogModuleManager: Shutting down and abandoning module NUTUnrealEngine4 (322)
[2020.12.02-07.54.56:512][  1]LogModuleManager: Shutting down and abandoning module NetcodeUnitTest (320)
[2020.12.02-07.54.56:512][  1]LogModuleManager: Shutting down and abandoning module MediaCompositing (318)
[2020.12.02-07.54.56:512][  1]LogModuleManager: Shutting down and abandoning module ImgMedia (316)
[2020.12.02-07.54.56:512][  1]LogModuleManager: Shutting down and abandoning module MagicLeapHelperVulkan (314)
[2020.12.02-07.54.56:512][  1]LogModuleManager: Shutting down and abandoning module MagicLeapHelperOpenGL (312)
[2020.12.02-07.54.56:512][  1]LogModuleManager: Shutting down and abandoning module MagicLeapAudio (310)
[2020.12.02-07.54.56:512][  1]LogModuleManager: Shutting down and abandoning module HTML5Networking (308)
[2020.12.02-07.54.56:513][  1]LogModuleManager: Shutting down and abandoning module GeometryCacheTracks (306)
[2020.12.02-07.54.56:513][  1]LogModuleManager: Shutting down and abandoning module GeometryCacheSequencer (305)
[2020.12.02-07.54.56:513][  1]LogModuleManager: Shutting down and abandoning module GeometryCache (302)
[2020.12.02-07.54.56:513][  1]LogModuleManager: Shutting down and abandoning module GeometryCacheEd (301)
[2020.12.02-07.54.56:513][  1]LogModuleManager: Shutting down and abandoning module BackChannel (298)
[2020.12.02-07.54.56:513][  1]LogModuleManager: Shutting down and abandoning module AutomationUtils (296)
[2020.12.02-07.54.56:513][  1]LogModuleManager: Shutting down and abandoning module VariantManagerContent (294)
[2020.12.02-07.54.56:513][  1]LogModuleManager: Shutting down and abandoning module CryptoKeysOpenSSL (292)
[2020.12.02-07.54.56:513][  1]LogModuleManager: Shutting down and abandoning module CryptoKeys (290)
[2020.12.02-07.54.56:513][  1]LogModuleManager: Shutting down and abandoning module VisualStudioSourceCodeAccess (288)
[2020.12.02-07.54.56:513][  1]LogModuleManager: Shutting down and abandoning module HotReload (287)
[2020.12.02-07.54.56:513][  1]LogModuleManager: Shutting down and abandoning module DirectoryWatcher (286)
[2020.12.02-07.54.56:513][  1]LogModuleManager: Shutting down and abandoning module VisualStudioCodeSourceCodeAccess (282)
[2020.12.02-07.54.56:513][  1]LogModuleManager: Shutting down and abandoning module UObjectPlugin (280)
[2020.12.02-07.54.56:513][  1]LogModuleManager: Shutting down and abandoning module SubversionSourceControl (278)
[2020.12.02-07.54.56:513][  1]LogModuleManager: Shutting down and abandoning module PerforceSourceControl (276)
[2020.12.02-07.54.56:514][  1]LogModuleManager: Shutting down and abandoning module SourceControl (275)
[2020.12.02-07.54.56:514][  1]LogModuleManager: Shutting down and abandoning module CLionSourceCodeAccess (272)
[2020.12.02-07.54.56:514][  1]LogModuleManager: Shutting down and abandoning module ActorLayerUtilities (270)
[2020.12.02-07.54.56:514][  1]LogModuleManager: Shutting down and abandoning module SignificanceManager (268)
[2020.12.02-07.54.56:514][  1]LogModuleManager: Shutting down and abandoning module RuntimePhysXCooking (266)
[2020.12.02-07.54.56:514][  1]LogModuleManager: Shutting down and abandoning module PhysXVehiclesEditor (264)
[2020.12.02-07.54.56:514][  1]LogModuleManager: Shutting down and abandoning module LocationServicesBPLibrary (260)
[2020.12.02-07.54.56:514][  1]LogModuleManager: Shutting down and abandoning module SQLiteCore (258)
[2020.12.02-07.54.56:514][  1]LogModuleManager: Shutting down and abandoning module ActorSequence (256)
[2020.12.02-07.54.56:514][  1]LogModuleManager: Shutting down and abandoning module UdpMessaging (254)
[2020.12.02-07.54.56:616][  1]LogModuleManager: Shutting down and abandoning module TcpMessaging (252)
[2020.12.02-07.54.57:116][  1]LogModuleManager: Shutting down and abandoning module MagicLeapIdentity (250)
[2020.12.02-07.54.57:116][  1]LogModuleManager: Shutting down and abandoning module MagicLeapSecureStorage (248)
[2020.12.02-07.54.57:116][  1]LogModuleManager: Shutting down and abandoning module MagicLeapHandTracking (246)
[2020.12.02-07.54.57:116][  1]LogModuleManager: Shutting down and abandoning module MagicLeapEyeTracker (244)
[2020.12.02-07.54.57:116][  1]LogModuleManager: Shutting down and abandoning module MagicLeapController (242)
[2020.12.02-07.54.57:116][  1]LogSlate: Slate User Destroyed.  User Index 0, Is Virtual User: 0
[2020.12.02-07.54.57:116][  1]LogModuleManager: Shutting down and abandoning module MagicLeapAR (240)
[2020.12.02-07.54.57:116][  1]LogModuleManager: Shutting down and abandoning module AugmentedReality (239)
[2020.12.02-07.54.57:117][  1]LogModuleManager: Shutting down and abandoning module GameplayTagsEditor (236)
[2020.12.02-07.54.57:117][  1]LogModuleManager: Shutting down and abandoning module FacialAnimation (234)
[2020.12.02-07.54.57:117][  1]LogModuleManager: Shutting down and abandoning module AssetManagerEditor (232)
[2020.12.02-07.54.57:117][  1]LogModuleManager: Shutting down and abandoning module TreeMap (231)
[2020.12.02-07.54.57:117][  1]LogModuleManager: Shutting down and abandoning module AnimationSharing (228)
[2020.12.02-07.54.57:117][  1]LogModuleManager: Shutting down and abandoning module LightPropagationVolumeRuntime (226)
[2020.12.02-07.54.57:117][  1]LogModuleManager: Shutting down and abandoning module Paper2D (224)
[2020.12.02-07.54.57:117][  1]LogModuleManager: Shutting down and abandoning module WindowsMoviePlayer (222)
[2020.12.02-07.54.57:123][  1]LogModuleManager: Shutting down and abandoning module WebMMoviePlayer (220)
[2020.12.02-07.54.57:123][  1]LogModuleManager: Shutting down and abandoning module NetworkReplayStreaming (218)
[2020.12.02-07.54.57:123][  1]LogModuleManager: Shutting down and abandoning module PacketHandler (216)
[2020.12.02-07.54.57:124][  1]LogModuleManager: Shutting down and abandoning module ClothingSystemEditor (214)
[2020.12.02-07.54.57:124][  1]LogModuleManager: Shutting down and abandoning module ClothingSystemRuntime (212)
[2020.12.02-07.54.57:124][  1]LogModuleManager: Shutting down and abandoning module MediaAssets (210)
[2020.12.02-07.54.57:124][  1]LogModuleManager: Shutting down and abandoning module Overlay (208)
[2020.12.02-07.54.57:124][  1]LogModuleManager: Shutting down and abandoning module OverlayEditor (207)
[2020.12.02-07.54.57:124][  1]LogModuleManager: Shutting down and abandoning module VREditor (204)
[2020.12.02-07.54.57:124][  1]LogModuleManager: Shutting down and abandoning module StringTableEditor (202)
[2020.12.02-07.54.57:124][  1]LogModuleManager: Shutting down and abandoning module GameplayTasksEditor (200)
[2020.12.02-07.54.57:124][  1]LogModuleManager: Shutting down and abandoning module BehaviorTreeEditor (198)
[2020.12.02-07.54.57:124][  1]LogModuleManager: Shutting down and abandoning module FunctionalTesting (196)
[2020.12.02-07.54.57:124][  1]LogModuleManager: Shutting down and abandoning module CollisionAnalyzer (194)
[2020.12.02-07.54.57:124][  1]LogModuleManager: Shutting down and abandoning module WorkspaceMenuStructure (193)
[2020.12.02-07.54.57:124][  1]LogModuleManager: Shutting down and abandoning module UMG (190)
[2020.12.02-07.54.57:124][  1]LogModuleManager: Shutting down and abandoning module UMGEditor (189)
[2020.12.02-07.54.57:124][  1]LogModuleManager: Shutting down and abandoning module Sequencer (188)
[2020.12.02-07.54.57:124][  1]LogModuleManager: Shutting down and abandoning module MessageLog (185)
[2020.12.02-07.54.57:124][  1]LogModuleManager: Shutting down and abandoning module SlateReflector (180)
[2020.12.02-07.54.57:124][  1]LogModuleManager: Shutting down and abandoning module Slate (178)
[2020.12.02-07.54.57:124][  1]LogModuleManager: Shutting down and abandoning module LandscapeEditorUtilities (176)
[2020.12.02-07.54.57:124][  1]LogModuleManager: Shutting down and abandoning module EditorStyle (174)
[2020.12.02-07.54.57:125][  1]LogModuleManager: Shutting down and abandoning module UnrealEd (172)
[2020.12.02-07.54.57:125][  1]LogModuleManager: Shutting down and abandoning module MRMesh (170)
[2020.12.02-07.54.57:125][  1]LogModuleManager: Shutting down and abandoning module Messaging (168)
[2020.12.02-07.54.57:125][  1]LogModuleManager: Shutting down and abandoning module SourceCodeAccess (166)
[2020.12.02-07.54.57:125][  1]LogModuleManager: Shutting down and abandoning module HeadMountedDisplay (164)
[2020.12.02-07.54.57:126][  1]LogModuleManager: Shutting down and abandoning module XAudio2 (162)
[2020.12.02-07.54.57:126][  1]LogModuleManager: Shutting down and abandoning module Networking (160)
[2020.12.02-07.54.57:126][  1]LogModuleManager: Shutting down and abandoning module Core (158)
[2020.12.02-07.54.57:126][  1]LogModuleManager: Shutting down and abandoning module KismetCompiler (156)
[2020.12.02-07.54.57:126][  1]LogModuleManager: Shutting down and abandoning module MeshUtilities (154)
[2020.12.02-07.54.57:126][  1]LogModuleManager: Shutting down and abandoning module MeshMergeUtilities (153)
[2020.12.02-07.54.57:126][  1]LogModuleManager: Shutting down and abandoning module MeshReductionInterface (152)
[2020.12.02-07.54.57:126][  1]LogModuleManager: Shutting down and abandoning module SkeletalMeshReduction (151)
[2020.12.02-07.54.57:126][  1]LogModuleManager: Shutting down and abandoning module ProxyLODMeshReduction (149)
[2020.12.02-07.54.57:126][  1]LogModuleManager: Shutting down and abandoning module QuadricMeshReduction (147)
[2020.12.02-07.54.57:126][  1]LogModuleManager: Shutting down and abandoning module MaterialBaking (143)
[2020.12.02-07.54.57:126][  1]LogModuleManager: Shutting down and abandoning module NullInstallBundleManager (138)
[2020.12.02-07.54.57:126][  1]LogModuleManager: Shutting down and abandoning module PIEPreviewDeviceProfileSelector (136)
[2020.12.02-07.54.57:126][  1]LogModuleManager: Shutting down and abandoning module DerivedDataCache (134)
[2020.12.02-07.54.57:481][  1]LogDerivedDataCache: Shutdown
[2020.12.02-07.54.57:482][  1]LogModuleManager: Shutting down and abandoning module XGEController (132)
[2020.12.02-07.54.57:482][  1]LogModuleManager: Shutting down and abandoning module TargetPlatform (130)
[2020.12.02-07.54.57:482][  1]LogModuleManager: Shutting down and abandoning module VulkanShaderFormat (129)
[2020.12.02-07.54.57:482][  1]LogModuleManager: Shutting down and abandoning module ShaderFormatVectorVM (127)
[2020.12.02-07.54.57:482][  1]LogModuleManager: Shutting down and abandoning module ShaderFormatOpenGL (125)
[2020.12.02-07.54.57:482][  1]LogModuleManager: Shutting down and abandoning module ShaderFormatD3D (123)
[2020.12.02-07.54.57:482][  1]LogModuleManager: Shutting down and abandoning module MetalShaderFormat (121)
[2020.12.02-07.54.57:482][  1]LogModuleManager: Shutting down and abandoning module TextureFormatUncompressed (119)
[2020.12.02-07.54.57:482][  1]LogModuleManager: Shutting down and abandoning module TextureFormatPVR (117)
[2020.12.02-07.54.57:482][  1]LogModuleManager: Shutting down and abandoning module TextureFormatDXT (115)
[2020.12.02-07.54.57:482][  1]LogModuleManager: Shutting down and abandoning module TextureFormatIntelISPCTexComp (113)
[2020.12.02-07.54.57:482][  1]LogModuleManager: Shutting down and abandoning module TextureFormatASTC (111)
[2020.12.02-07.54.57:482][  1]LogModuleManager: Shutting down and abandoning module ImageWrapper (110)
[2020.12.02-07.54.57:482][  1]LogModuleManager: Shutting down and abandoning module TextureFormatAndroid (107)
[2020.12.02-07.54.57:482][  1]LogModuleManager: Shutting down and abandoning module AudioFormatOpus (105)
[2020.12.02-07.54.57:482][  1]LogModuleManager: Shutting down and abandoning module AudioFormatOgg (103)
[2020.12.02-07.54.57:482][  1]LogModuleManager: Shutting down and abandoning module AudioFormatADPCM (101)
[2020.12.02-07.54.57:482][  1]LogModuleManager: Shutting down and abandoning module WindowsTargetPlatform (99)
[2020.12.02-07.54.57:482][  1]LogModuleManager: Shutting down and abandoning module WindowsServerTargetPlatform (97)
[2020.12.02-07.54.57:482][  1]LogModuleManager: Shutting down and abandoning module WindowsNoEditorTargetPlatform (95)
[2020.12.02-07.54.57:482][  1]LogModuleManager: Shutting down and abandoning module WindowsClientTargetPlatform (93)
[2020.12.02-07.54.57:482][  1]LogModuleManager: Shutting down and abandoning module InputCore (90)
[2020.12.02-07.54.57:482][  1]LogModuleManager: Shutting down and abandoning module Settings (88)
[2020.12.02-07.54.57:482][  1]LogModuleManager: Shutting down and abandoning module PhysXCooking (86)
[2020.12.02-07.54.57:482][  1]LogModuleManager: Shutting down and abandoning module WindowsPlatformFeatures (84)
[2020.12.02-07.54.57:483][  1]LogModuleManager: Shutting down and abandoning module GameplayMediaEncoder (83)
[2020.12.02-07.54.57:483][  1]LogModuleManager: Shutting down and abandoning module SteamVR (80)
[2020.12.02-07.54.57:483][  1]LogHMD: Freeing OpenVRDLLHandle.
[2020.12.02-07.54.57:483][  1]LogModuleManager: Shutting down and abandoning module OculusHMD (78)
[2020.12.02-07.54.57:483][  1]LogModuleManager: Shutting down and abandoning module ExampleDeviceProfileSelector (76)
[2020.12.02-07.54.57:483][  1]LogModuleManager: Shutting down and abandoning module LauncherChunkInstaller (74)
[2020.12.02-07.54.57:483][  1]LogModuleManager: Shutting down and abandoning module OnlineBlueprintSupport (72)
[2020.12.02-07.54.57:483][  1]LogModuleManager: Shutting down and abandoning module OnlineSubsystem (68)
[2020.12.02-07.54.57:485][  1]LogModuleManager: Shutting down and abandoning module XMPP (63)
[2020.12.02-07.54.57:485][  1]LogModuleManager: Shutting down and abandoning module WebSockets (62)
[2020.12.02-07.54.57:555][  1]LogModuleManager: Shutting down and abandoning module HTTP (59)
[2020.12.02-07.54.57:570][  1]LogModuleManager: Shutting down and abandoning module SSL (58)
[2020.12.02-07.54.57:593][  1]LogModuleManager: Shutting down and abandoning module WmfMedia (54)
[2020.12.02-07.54.57:669][  1]LogModuleManager: Shutting down and abandoning module Media (53)
[2020.12.02-07.54.57:670][  1]LogModuleManager: Shutting down and abandoning module MagicLeap (50)
[2020.12.02-07.54.57:670][  1]LogModuleManager: Shutting down and abandoning module DatasmithContent (48)
[2020.12.02-07.54.57:671][  1]LogModuleManager: Shutting down and abandoning module AISupportModule (46)
[2020.12.02-07.54.57:671][  1]LogModuleManager: Shutting down and abandoning module PythonScriptPluginPreload (44)
[2020.12.02-07.54.57:671][  1]LogModuleManager: Shutting down and abandoning module PlatformCryptoOpenSSL (42)
[2020.12.02-07.54.57:671][  1]LogModuleManager: Shutting down and abandoning module PlatformCrypto (40)
[2020.12.02-07.54.57:671][  1]LogModuleManager: Shutting down and abandoning module AnimationModifiers (38)
[2020.12.02-07.54.57:671][  1]LogModuleManager: Shutting down and abandoning module PropertyEditor (37)
[2020.12.02-07.54.57:671][  1]LogModuleManager: Shutting down and abandoning module AudioEditor (34)
[2020.12.02-07.54.57:672][  1]LogModuleManager: Shutting down and abandoning module TextureCompressor (32)
[2020.12.02-07.54.57:672][  1]LogModuleManager: Shutting down and abandoning module RenderCore (30)
[2020.12.02-07.54.57:672][  1]LogModuleManager: Shutting down and abandoning module Landscape (28)
[2020.12.02-07.54.57:672][  1]LogModuleManager: Shutting down and abandoning module SlateRHIRenderer (26)
[2020.12.02-07.54.57:674][  1]LogModuleManager: Shutting down and abandoning module OpenGLDrv (24)
[2020.12.02-07.54.57:674][  1]LogModuleManager: Shutting down and abandoning module D3D11RHI (22)
[2020.12.02-07.54.57:674][  1]LogModuleManager: Shutting down and abandoning module AnimGraphRuntime (20)
[2020.12.02-07.54.57:674][  1]LogModuleManager: Shutting down and abandoning module Renderer (18)
[2020.12.02-07.54.57:674][  1]LogModuleManager: Shutting down and abandoning module Engine (16)
[2020.12.02-07.54.57:674][  1]LogModuleManager: Shutting down and abandoning module CoreUObject (14)
[2020.12.02-07.54.57:674][  1]LogModuleManager: Shutting down and abandoning module NetworkFile (12)
[2020.12.02-07.54.57:674][  1]LogModuleManager: Shutting down and abandoning module CookedIterativeFile (10)
[2020.12.02-07.54.57:674][  1]LogModuleManager: Shutting down and abandoning module StreamingFile (8)
[2020.12.02-07.54.57:674][  1]LogModuleManager: Shutting down and abandoning module SandboxFile (6)
[2020.12.02-07.54.57:674][  1]LogModuleManager: Shutting down and abandoning module PakFile (4)
[2020.12.02-07.54.57:674][  1]LogModuleManager: Shutting down and abandoning module RSA (3)
[2020.12.02-07.54.57:675][  1]LogD3D11RHI: Shutdown
[2020.12.02-07.54.57:675][  1]LogD3D11RHI: CleanupD3DDevice
[2020.12.02-07.54.57:675][  1]LogRendererCore: FGlobalDynamicReadBuffer::Cleanup()
[2020.12.02-07.54.57:675][  1]LogRendererCore: FGlobalDynamicReadBuffer::Cleanup()
[2020.12.02-07.54.57:675][  1]LogRendererCore: FGlobalDynamicReadBuffer::Cleanup()
[2020.12.02-07.54.57:677][  1]LogD3D11RHI: ~FD3D11DynamicRHI
[2020.12.02-07.54.58:980][  1]LogExit: Exiting.
[2020.12.02-07.54.59:005][  1]Log file closed, 12/02/20 09:54:59
